2020-02-06 07:19:15 INFO  Runner:11 - Hello
2020-02-06 07:19:15 WARN  Runner:12 - warn
2020-02-06 07:19:15 ERROR Runner:13 - error
2020-02-06 07:24:05 INFO  Runner:12 - info
2020-02-06 07:24:05 WARN  Runner:13 - warn
2020-02-06 07:24:05 ERROR Runner:14 - error
2020-02-06 07:24:05 FATAL Runner:15 - fatal
2020-02-06 07:37:45 INFO  Runner:12 - info
2020-02-06 07:37:45 WARN  Runner:13 - warn
2020-02-06 07:37:45 ERROR Runner:14 - error
2020-02-06 07:37:45 FATAL Runner:15 - fatal
2020-02-06 07:38:17 INFO  Runner:12 - info
2020-02-06 07:38:17 WARN  Runner:13 - warn
2020-02-06 07:38:17 ERROR Runner:14 - error
2020-02-06 07:38:17 FATAL Runner:15 - fatal
2020-02-06 07:39:20 WARN  Runner:13 - warn
2020-02-06 07:39:20 ERROR Runner:14 - error
2020-02-06 07:39:20 FATAL Runner:15 - fatal
2020-02-06 07:40:20 WARN  Runner:13 - warn
2020-02-06 07:40:20 ERROR Runner:14 - error
2020-02-06 07:40:20 FATAL Runner:15 - fatal
2020-02-06 07:40:33 INFO  Runner:12 - info
2020-02-06 07:40:33 WARN  Runner:13 - warn
2020-02-06 07:40:33 ERROR Runner:14 - error
2020-02-06 07:40:33 FATAL Runner:15 - fatal
2020-02-06 07:46:55 INFO  Runner:12 - info
2020-02-06 07:46:55 WARN  Runner:13 - warn
2020-02-06 07:46:55 ERROR Runner:14 - error
2020-02-06 07:46:55 FATAL Runner:15 - fatal
2020-02-06 07:46:59 DEBUG Runner:11 - debug
2020-02-06 07:46:59 INFO  Runner:12 - info
2020-02-06 07:46:59 WARN  Runner:13 - warn
2020-02-06 07:46:59 ERROR Runner:14 - error
2020-02-06 07:46:59 FATAL Runner:15 - fatal
2020-02-06 09:33:33 INFO  Runner:12 - info
2020-02-06 09:33:33 WARN  Runner:13 - warn
2020-02-06 09:33:33 ERROR Runner:14 - error
2020-02-06 09:33:33 FATAL Runner:15 - fatal
2020-02-06 09:33:35 INFO  Runner:12 - info
2020-02-06 09:33:35 WARN  Runner:13 - warn
2020-02-06 09:33:35 ERROR Runner:14 - error
2020-02-06 09:33:35 FATAL Runner:15 - fatal
2020-02-06 09:33:36 INFO  Runner:12 - info
2020-02-06 09:33:36 WARN  Runner:13 - warn
2020-02-06 09:33:36 ERROR Runner:14 - error
2020-02-06 09:33:36 FATAL Runner:15 - fatal
2020-02-06 09:33:37 INFO  Runner:12 - info
2020-02-06 09:33:37 WARN  Runner:13 - warn
2020-02-06 09:33:37 ERROR Runner:14 - error
2020-02-06 09:33:37 FATAL Runner:15 - fatal
2020-02-06 09:34:27 INFO  Runner:12 - infoing
2020-02-06 09:34:27 WARN  Runner:13 - warning
2020-02-06 09:34:27 ERROR Runner:14 - erroring
2020-02-06 09:34:27 FATAL Runner:15 - fataling
2020-02-06 09:41:46 INFO  Runner:12 - infoing
2020-02-06 09:41:46 WARN  Runner:13 - warning
2020-02-06 09:41:46 ERROR Runner:14 - erroring
2020-02-06 09:41:46 FATAL Runner:15 - fataling
2020-02-06 09:42:04 INFO  Runner:12 - infoing
2020-02-06 09:42:04 WARN  Runner:13 - warning
2020-02-06 09:42:04 ERROR Runner:14 - erroring
2020-02-06 09:42:04 FATAL Runner:15 - fataling
2020-02-06 09:42:19 TRACE Runner:10 - tracing
2020-02-06 09:42:19 DEBUG Runner:11 - debugging
2020-02-06 09:42:19 INFO  Runner:12 - infoing
2020-02-06 09:42:19 WARN  Runner:13 - warning
2020-02-06 09:42:19 ERROR Runner:14 - erroring
2020-02-06 09:42:19 FATAL Runner:15 - fataling
2020-02-06 09:45:54 WARN  Runner:13 - warning
2020-02-06 09:45:54 ERROR Runner:14 - erroring
2020-02-06 09:45:54 FATAL Runner:15 - fataling
